DEBUG: Using JAVA_HOME
DEBUG: _PENTAHO_JAVA_HOME=C:\Program Files\Java\jdk
DEBUG: _PENTAHO_JAVA=C:\Program Files\Java\jdk\bin\java.exe

C:\data-integration>"C:\Program Files\Java\jdk\bin\java.exe"  "-Xms1024m" "-Xmx2048m" "-XX:MaxPermSize=256m" "-Dhttps.protocols=TLSv1,TLSv1.1,TLSv1.2" "-Djava.library.path=libswt\win64" "-DKETTLE_HOME=" "-DKETTLE_REPOSITORY=" "-DKETTLE_USER=" "-DKETTLE_PASSWORD=" "-DKETTLE_PLUGIN_PACKAGES=" "-DKETTLE_LOG_SIZE_LIMIT=" "-DKETTLE_JNDI_ROOT=" -jar launcher\launcher.jar -lib ..\libswt\win64  -main org.pentaho.di.kitchen.Kitchen -initialDir "C:\Windows\system32"\ /file C:\wmfinamore\pdi_Exemplos\LoadPostgres\Load_Postgres_Job.kjb /level basic 
21:23:51,005 INFO  [KarafBoot] Checking to see if org.pentaho.clean.karaf.cache is enabled
21:23:55,268 INFO  [KarafInstance] 
*******************************************************************************
*** Karaf Instance Number: 1 at C:\data-integration\.\system\karaf\caches\k ***
***   itchen\data-1                                                         ***
*** FastBin Provider Port:52901                                             ***
*** Karaf Port:8802                                                         ***
*** OSGI Service Port:9051                                                  ***
*******************************************************************************
2018/08/29 21:23:56 - Kitchen - Logging is at level : Log básico
2018/08/29 21:23:56 - Kitchen - Start of run.
2018/08/29 21:24:08 - Load_Postgres_Job - Início da execução do job
2018/08/29 21:24:08 - Load_Postgres_Job - Starting entry [Transformation]
2018/08/29 21:24:08 - Transformation - Loading transformation from XML file [file:///C:/wmfinamore/pdi_Exemplos/LoadPostgres/ETL_Empenhos.ktr]
2018/08/29 21:24:08 - Transformation - Using run configuration [Pentaho local]
2018/08/29 21:24:08 - Transformation - Using legacy execution engine
2018/08/29 21:24:08 - ETL_Empenhos - Expedindo in?cio para transforma??o [ETL_Empenhos]
2018/08/29 21:24:09 - Table output.0 - Connected to database [mydb] (commit=1000)
2018/08/29 21:24:09 - CSV file input.0 - Header row skipped in file 'C:\wmfinamore\financas_publicas\Empenhos_2017\guestuser_lai_-_empenhado_120818_170528.csv'
2018/08/29 21:24:11 - CSV file input.0 - Finished processing (I=21624, O=0, R=0, W=21623, U=0, E=0)
2018/08/29 21:24:12 - Table output.0 - Finished processing (I=0, O=21623, R=21623, W=21623, U=0, E=0)
2018/08/29 21:24:12 - Carte - Installing timer to purge stale objects after 1440 minutes.
2018/08/29 21:24:12 - Load_Postgres_Job - Starting entry [Success]
2018/08/29 21:24:12 - Load_Postgres_Job - Finished job entry [Success] (result=[true])
2018/08/29 21:24:12 - Load_Postgres_Job - Finished job entry [Transformation] (result=[true])
2018/08/29 21:24:12 - Load_Postgres_Job - Job execution finished
2018/08/29 21:24:12 - Kitchen - Finished!
2018/08/29 21:24:12 - Kitchen - Start=2018/08/29 21:23:56.703, Stop=2018/08/29 21:24:12.176
2018/08/29 21:24:12 - Kitchen - Processing ended after 15 seconds.
